[debug] [2019-04-16T13:20:35.473Z] ----------------------------------------------------------------------
[debug] [2019-04-16T13:20:35.476Z] Command:       C:\Program Files\nodejs\node.exe C:\Users\rmoura\AppData\Roaming\npm\node_modules\firebase-tools\lib\bin\firebase.js login --reauth
[debug] [2019-04-16T13:20:35.476Z] CLI Version:   6.6.0
[debug] [2019-04-16T13:20:35.476Z] Platform:      win32
[debug] [2019-04-16T13:20:35.476Z] Node Version:  v10.15.1
[debug] [2019-04-16T13:20:35.478Z] Time:          Tue Apr 16 2019 10:20:35 GMT-0300 (GMT-03:00)
[debug] [2019-04-16T13:20:35.478Z] ----------------------------------------------------------------------
[debug] 
[info] 
[info] Visit this URL on any device to log in:
[info] https://accounts.google.com/o/oauth2/auth?client_id=563584335869-fgrhgmd47bqnekij5i8b5pr03ho849e6.apps.googleusercontent.com&scope=email%20openid%20https%3A%2F%2Fwww.googleapis.com%2Fauth%2Fcloudplatformprojects.readonly%20https%3A%2F%2Fwww.googleapis.com%2Fauth%2Ffirebase%20https%3A%2F%2Fwww.googleapis.com%2Fauth%2Fcloud-platform&response_type=code&state=862647316&redirect_uri=http%3A%2F%2Flocalhost%3A9005
[info] 
[info] Waiting for authentication...
[debug] [2019-04-16T13:20:43.047Z] >>> HTTP REQUEST POST https://accounts.google.com/o/oauth2/token  

[debug] [2019-04-16T13:20:43.059Z] Token Fetch Error: Error
    at new FirebaseError (C:\Users\rmoura\AppData\Roaming\npm\node_modules\firebase-tools\lib\error.js:9:18)
    at Request._callback (C:\Users\rmoura\AppData\Roaming\npm\node_modules\firebase-tools\lib\api.js:30:31)
    at self.callback (C:\Users\rmoura\AppData\Roaming\npm\node_modules\firebase-tools\node_modules\request\request.js:185:22)
    at Request.emit (events.js:189:13)
    at Request.EventEmitter.emit (domain.js:441:20)
    at Request.onRequestError (C:\Users\rmoura\AppData\Roaming\npm\node_modules\firebase-tools\node_modules\request\request.js:881:8)
    at ClientRequest.emit (events.js:189:13)
    at ClientRequest.EventEmitter.emit (domain.js:441:20)
    at TLSSocket.socketErrorListener (_http_client.js:392:9)
    at TLSSocket.emit (events.js:189:13)
